<!DOCTYPE html PUBLIC "-//W3C//DTD XHTML 1.1//EN" "http://www.w3.org/TR/xhtml11/DTD/xhtml11.dtd">
<html xmlns="http://www.w3.org/1999/xhtml">
<head>
<meta http-equiv="content-type" content="text/html; charset=UTF-8"/>
<title>TestNG Report</title>
<style type="text/css">table {margin-bottom:10px;border-collapse:collapse;empty-cells:show}th,td {border:1px solid #009;padding:.25em .5em}th {vertical-align:bottom}td {vertical-align:top}table a {font-weight:bold}.stripe td {background-color: #E6EBF9}.num {text-align:right}.passedodd td {background-color: #3F3}.passedeven td {background-color: #0A0}.skippedodd td {background-color: #DDD}.skippedeven td {background-color: #CCC}.failedodd td,.attn {background-color: #F33}.failedeven td,.stripe .attn {background-color: #D00}.stacktrace {white-space:pre;font-family:monospace}.totop {font-size:85%;text-align:center;border-bottom:2px solid #000}.invisible {display:none}</style>
</head>
<body>
<table>
<tr><th>Test</th><th># Passed</th><th># Skipped</th><th># Failed</th><th>Time (ms)</th><th>Included Groups</th><th>Excluded Groups</th></tr>
<tr><th colspan="7">Suite de pruebas de regresión</th></tr>
<tr><td><a href="#t0">Casos de prueba</a></td><td class="num">7</td><td class="num">0</td><td class="num attn">2</td><td class="num">236.597</td><td></td><td></td></tr>
</table>
<table id='summary'><thead><tr><th>Class</th><th>Method</th><th>Start</th><th>Time (ms)</th></tr></thead><tbody><tr><th colspan="4">Suite de pruebas de regresión</th></tr></tbody><tbody id="t0"><tr><th colspan="4">Casos de prueba &#8212; failed</th></tr><tr class="failedeven"><td rowspan="2">Tests.Tests2</td><td><a href="#m0">CP003_Legales</a></td><td rowspan="1">1658951539749</td><td rowspan="1">8521</td></tr><tr class="failedeven"><td><a href="#m1">CP004_Socios</a></td><td rowspan="1">1658951556216</td><td rowspan="1">38146</td></tr><tr><th colspan="4">Casos de prueba &#8212; passed</th></tr><tr class="passedeven"><td rowspan="1">Tests.Tests</td><td><a href="#m2">CP0001_Login_Fallido</a></td><td rowspan="1">1658951480644</td><td rowspan="1">10168</td></tr><tr class="passedodd"><td rowspan="6">Tests.Tests2</td><td><a href="#m3">CP0001_Login_Fallido</a></td><td rowspan="1">1658951499789</td><td rowspan="1">8564</td></tr><tr class="passedodd"><td><a href="#m4">CP002_Contactos</a></td><td rowspan="1">1658951516804</td><td rowspan="1">14097</td></tr><tr class="passedodd"><td><a href="#m5">CP005_Pagos</a></td><td rowspan="1">1658951603167</td><td rowspan="1">11158</td></tr><tr class="passedodd"><td><a href="#m6">CP006_Beneficios</a></td><td rowspan="1">1658951622663</td><td rowspan="1">57630</td></tr><tr class="passedodd"><td><a href="#m7">CP008_Seguridad</a></td><td rowspan="1">1658951688145</td><td rowspan="1">5131</td></tr><tr class="passedodd"><td><a href="#m8">CP009_Mas</a></td><td rowspan="1">1658951702966</td><td rowspan="1">5313</td></tr></tbody>
</table>
<h2>Casos de prueba</h2><h3 id="m0">Tests.Tests2#CP003_Legales</h3><table class="result"><tr><th>Exception</th></tr><tr><td><div class="stacktrace">java.lang.AssertionError: expected [https://www.coopeuch.cl/media/UploadGeneral/file/Bases_Concurso_descarga_y_uso_AppCoopeuch_JULIO_AGOSTO_2022_AMR19072022_2_.pdf] but found [https://www.coopeuch.cl/personas/bases-legales]
	at Tests.Tests2.CP003_Legales(Tests2.java:121)
... Removed 35 stack frames</div></td></tr></table><p class="totop"><a href="#summary">back to summary</a></p>
<h3 id="m1">Tests.Tests2#CP004_Socios</h3><table class="result"><tr><th>Exception</th></tr><tr><td><div class="stacktrace">org.openqa.selenium.TimeoutException: Expected condition failed: waiting for presence of element located by: By.xpath: //button[contains(text(),&apos;Solo ser Socio&apos;)] (tried for 30 second(s) with 500 milliseconds interval)
	at org.openqa.selenium.support.ui.WebDriverWait.timeoutException(WebDriverWait.java:95)
	at org.openqa.selenium.support.ui.FluentWait.until(FluentWait.java:272)
	at Utils.BaseClass.esperaExplicita(BaseClass.java:54)
	at Pages.FinalSocio.SocioContacto1(FinalSocio.java:18)
	at Tests.Tests2.CP004_Socios(Tests2.java:128)
Caused by: org.openqa.selenium.NoSuchElementException: no such element: Unable to locate element: {&quot;method&quot;:&quot;xpath&quot;,&quot;selector&quot;:&quot;//button[contains(text(),&apos;Solo ser Socio&apos;)]&quot;}
  (Session info: chrome=103.0.5060.134)
For documentation on this error, please visit: https://www.seleniumhq.org/exceptions/no_such_element.html
Build info: version: &apos;3.141.59&apos;, revision: &apos;e82be7d358&apos;, time: &apos;2018-11-14T08:17:03&apos;
System info: host: &apos;NBEX5EXC9&apos;, ip: &apos;192.168.0.10&apos;, os.name: &apos;Windows 10&apos;, os.arch: &apos;amd64&apos;, os.version: &apos;10.0&apos;, java.version: &apos;17.0.2&apos;
Driver info: org.openqa.selenium.chrome.ChromeDriver
Capabilities {acceptInsecureCerts: false, browserName: chrome, browserVersion: 103.0.5060.134, chrome: {chromedriverVersion: 102.0.5005.61 (0e59bcc00cc4..., userDataDir: C:\Users\exiniev\AppData\Lo...}, goog:chromeOptions: {debuggerAddress: localhost:52389}, javascriptEnabled: true, networkConnectionEnabled: false, pageLoadStrategy: normal, platform: WINDOWS, platformName: WINDOWS, proxy: Proxy(), setWindowRect: true, strictFileInteractability: false, timeouts: {implicit: 0, pageLoad: 300000, script: 30000}, unhandledPromptBehavior: dismiss and notify, webauthn:extension:credBlob: true, webauthn:extension:largeBlob: true, webauthn:virtualAuthenticators: true}
Session ID: f9437068909c0aeabcdefbdb6c795210
*** Element info: {Using=xpath, value=//button[contains(text(),&apos;Solo ser Socio&apos;)]}
	at org.openqa.selenium.remote.http.W3CHttpResponseCodec.createException(W3CHttpResponseCodec.java:187)
	at org.openqa.selenium.remote.http.W3CHttpResponseCodec.decode(W3CHttpResponseCodec.java:122)
	at org.openqa.selenium.remote.http.W3CHttpResponseCodec.decode(W3CHttpResponseCodec.java:49)
	at org.openqa.selenium.remote.HttpCommandExecutor.execute(HttpCommandExecutor.java:158)
	at org.openqa.selenium.remote.service.DriverCommandExecutor.execute(DriverCommandExecutor.java:83)
	at org.openqa.selenium.remote.RemoteWebDriver.execute(RemoteWebDriver.java:552)
	at org.openqa.selenium.remote.RemoteWebDriver.findElement(RemoteWebDriver.java:323)
	at org.openqa.selenium.remote.RemoteWebDriver.findElementByXPath(RemoteWebDriver.java:428)
	at org.openqa.selenium.By$ByXPath.findElement(By.java:353)
	at org.openqa.selenium.remote.RemoteWebDriver.findElement(RemoteWebDriver.java:315)
	at org.openqa.selenium.support.ui.ExpectedConditions$6.apply(ExpectedConditions.java:182)
	at org.openqa.selenium.support.ui.ExpectedConditions$6.apply(ExpectedConditions.java:179)
	at org.openqa.selenium.support.ui.FluentWait.until(FluentWait.java:249)
	... 32 more
... Removed 33 stack frames</div></td></tr></table><p class="totop"><a href="#summary">back to summary</a></p>
<h3 id="m2">Tests.Tests#CP0001_Login_Fallido</h3><table class="result"><tr><th class="invisible"/></tr></table><p class="totop"><a href="#summary">back to summary</a></p>
<h3 id="m3">Tests.Tests2#CP0001_Login_Fallido</h3><table class="result"><tr><th class="invisible"/></tr></table><p class="totop"><a href="#summary">back to summary</a></p>
<h3 id="m4">Tests.Tests2#CP002_Contactos</h3><table class="result"><tr><th class="invisible"/></tr></table><p class="totop"><a href="#summary">back to summary</a></p>
<h3 id="m5">Tests.Tests2#CP005_Pagos</h3><table class="result"><tr><th class="invisible"/></tr></table><p class="totop"><a href="#summary">back to summary</a></p>
<h3 id="m6">Tests.Tests2#CP006_Beneficios</h3><table class="result"><tr><th class="invisible"/></tr></table><p class="totop"><a href="#summary">back to summary</a></p>
<h3 id="m7">Tests.Tests2#CP008_Seguridad</h3><table class="result"><tr><th class="invisible"/></tr></table><p class="totop"><a href="#summary">back to summary</a></p>
<h3 id="m8">Tests.Tests2#CP009_Mas</h3><table class="result"><tr><th class="invisible"/></tr></table><p class="totop"><a href="#summary">back to summary</a></p>
</body>
</html>
