<?xml version="1.0" encoding="UTF-8"?>
<!-- Generated by org.testng.reporters.JUnitXMLReporter -->
<testsuite ignored="9" hostname="nbex5exc9" failures="2" tests="9" name="Casos de prueba" time="236.597" errors="0" timestamp="27 jul. 2022 19:55:08 GMT">
  <testcase classname="Tests.Tests" name="CP0001_Login_Fallido" time="10.168"/>
  <testcase classname="Tests.Tests2" name="CP0001_Login_Fallido" time="8.564"/>
  <testcase classname="Tests.Tests2" name="CP002_Contactos" time="14.097"/>
  <testcase classname="Tests.Tests2" name="CP003_Legales" time="8.521">
    <failure type="java.lang.AssertionError" message="expected [https://www.coopeuch.cl/media/UploadGeneral/file/Bases_Concurso_descarga_y_uso_AppCoopeuch_JULIO_AGOSTO_2022_AMR19072022_2_.pdf] but found [https://www.coopeuch.cl/personas/bases-legales]">
      <![CDATA[java.lang.AssertionError: expected [https://www.coopeuch.cl/media/UploadGeneral/file/Bases_Concurso_descarga_y_uso_AppCoopeuch_JULIO_AGOSTO_2022_AMR19072022_2_.pdf] but found [https://www.coopeuch.cl/personas/bases-legales]
at Tests.Tests2.CP003_Legales(Tests2.java:121)
... Removed 35 stack frames]]>
    </failure>
  </testcase> <!-- CP003_Legales -->
  <testcase classname="Tests.Tests2" name="CP004_Socios" time="38.146">
    <failure type="org.openqa.selenium.TimeoutException" message="Expected condition failed: waiting for presence of element located by: By.xpath: //button[contains(text(),&amp;apos;Solo ser Socio&amp;apos;)] (tried for 30 second(s) with 500 milliseconds interval)">
      <![CDATA[org.openqa.selenium.TimeoutException: Expected condition failed: waiting for presence of element located by: By.xpath: //button[contains(text(),'Solo ser Socio')] (tried for 30 second(s) with 500 milliseconds interval)
at org.openqa.selenium.support.ui.WebDriverWait.timeoutException(WebDriverWait.java:95)
at org.openqa.selenium.support.ui.FluentWait.until(FluentWait.java:272)
at Utils.BaseClass.esperaExplicita(BaseClass.java:54)
at Pages.FinalSocio.SocioContacto1(FinalSocio.java:18)
at Tests.Tests2.CP004_Socios(Tests2.java:128)
Caused by: org.openqa.selenium.NoSuchElementException: no such element: Unable to locate element: {"method":"xpath","selector":"//button[contains(text(),'Solo ser Socio')]"}
  (Session info: chrome=103.0.5060.134)
For documentation on this error, please visit: https://www.seleniumhq.org/exceptions/no_such_element.html
Build info: version: '3.141.59', revision: 'e82be7d358', time: '2018-11-14T08:17:03'
System info: host: 'NBEX5EXC9', ip: '192.168.0.10', os.name: 'Windows 10', os.arch: 'amd64', os.version: '10.0', java.version: '17.0.2'
Driver info: org.openqa.selenium.chrome.ChromeDriver
Capabilities {acceptInsecureCerts: false, browserName: chrome, browserVersion: 103.0.5060.134, chrome: {chromedriverVersion: 102.0.5005.61 (0e59bcc00cc4..., userDataDir: C:\Users\exiniev\AppData\Lo...}, goog:chromeOptions: {debuggerAddress: localhost:52389}, javascriptEnabled: true, networkConnectionEnabled: false, pageLoadStrategy: normal, platform: WINDOWS, platformName: WINDOWS, proxy: Proxy(), setWindowRect: true, strictFileInteractability: false, timeouts: {implicit: 0, pageLoad: 300000, script: 30000}, unhandledPromptBehavior: dismiss and notify, webauthn:extension:credBlob: true, webauthn:extension:largeBlob: true, webauthn:virtualAuthenticators: true}
Session ID: f9437068909c0aeabcdefbdb6c795210
*** Element info: {Using=xpath, value=//button[contains(text(),'Solo ser Socio')]}
at org.openqa.selenium.remote.http.W3CHttpResponseCodec.createException(W3CHttpResponseCodec.java:187)
at org.openqa.selenium.remote.http.W3CHttpResponseCodec.decode(W3CHttpResponseCodec.java:122)
at org.openqa.selenium.remote.http.W3CHttpResponseCodec.decode(W3CHttpResponseCodec.java:49)
at org.openqa.selenium.remote.HttpCommandExecutor.execute(HttpCommandExecutor.java:158)
at org.openqa.selenium.remote.service.DriverCommandExecutor.execute(DriverCommandExecutor.java:83)
at org.openqa.selenium.remote.RemoteWebDriver.execute(RemoteWebDriver.java:552)
at org.openqa.selenium.remote.RemoteWebDriver.findElement(RemoteWebDriver.java:323)
at org.openqa.selenium.remote.RemoteWebDriver.findElementByXPath(RemoteWebDriver.java:428)
at org.openqa.selenium.By$ByXPath.findElement(By.java:353)
at org.openqa.selenium.remote.RemoteWebDriver.findElement(RemoteWebDriver.java:315)
at org.openqa.selenium.support.ui.ExpectedConditions$6.apply(ExpectedConditions.java:182)
at org.openqa.selenium.support.ui.ExpectedConditions$6.apply(ExpectedConditions.java:179)
at org.openqa.selenium.support.ui.FluentWait.until(FluentWait.java:249)
... 32 more
... Removed 33 stack frames]]>
    </failure>
  </testcase> <!-- CP004_Socios -->
  <testcase classname="Tests.Tests2" name="CP005_Pagos" time="11.158"/>
  <testcase classname="Tests.Tests2" name="CP006_Beneficios" time="57.63"/>
  <testcase classname="Tests.Tests2" name="CP008_Seguridad" time="5.131"/>
  <testcase classname="Tests.Tests2" name="CP009_Mas" time="5.313"/>
  <testcase classname="Tests.Tests" name="CP002_Contactos" time="0.0">
    <ignored/>
  </testcase> <!-- CP002_Contactos -->
  <testcase classname="Tests.Tests" name="CP007_Clave" time="0.0">
    <ignored/>
  </testcase> <!-- CP007_Clave -->
  <testcase classname="Tests.Tests" name="CP004_Socios" time="0.0">
    <ignored/>
  </testcase> <!-- CP004_Socios -->
  <testcase classname="Tests.Tests" name="CP009_Mas" time="0.0">
    <ignored/>
  </testcase> <!-- CP009_Mas -->
  <testcase classname="Tests.Tests" name="CP008_Seguridad" time="0.0">
    <ignored/>
  </testcase> <!-- CP008_Seguridad -->
  <testcase classname="Tests.Tests" name="CP006_Beneficios" time="0.0">
    <ignored/>
  </testcase> <!-- CP006_Beneficios -->
  <testcase classname="Tests.Tests" name="CP005_Pagos" time="0.0">
    <ignored/>
  </testcase> <!-- CP005_Pagos -->
  <testcase classname="Tests.Tests2" name="CP007_Clave" time="0.0">
    <ignored/>
  </testcase> <!-- CP007_Clave -->
  <testcase classname="Tests.Tests" name="CP003_Legales" time="0.0">
    <ignored/>
  </testcase> <!-- CP003_Legales -->
</testsuite> <!-- Casos de prueba -->
